This file contains any messages produced by compilers while
running configure, to aid debugging if configure makes a mistake.

It was created by configure, which was
generated by GNU Autoconf 2.63.  Invocation command line was

  $ ./configure 

## --------- ##
## Platform. ##
## --------- ##

hostname = Labguests-iMac-2.local
uname -m = x86_64
uname -r = 21.6.0
uname -s = Darwin
uname -v = Darwin Kernel Version 21.6.0: Sat Jun 18 17:07:25 PDT 2022; root:xnu-8020.140.41~1/RELEASE_X86_64

/usr/bin/uname -p = i386
/bin/uname -X     = unknown

/bin/arch              = unknown
/usr/bin/arch -k       = unknown
/usr/convex/getsysinfo = unknown
/usr/bin/hostinfo      = Mach kernel version:
	 Darwin Kernel Version 21.6.0: Sat Jun 18 17:07:25 PDT 2022; root:xnu-8020.140.41~1/RELEASE_X86_64
Kernel configured for up to 16 processors.
8 processors are physically available.
16 processors are logically available.
Processor type: x86_64h (Intel x86-64h Haswell)
Processors active: 0 1 2 3 4 5 6 7 8 9 10 11 12 13 14 15
Primary memory available: 64.00 gigabytes
Default processor set: 528 tasks, 2053 threads, 16 processors
Load average: 1.71, Mach factor: 14.28
/bin/machine           = unknown
/usr/bin/oslevel       = unknown
/bin/universe          = unknown

PATH: /Volumes/Storage/.workspace/merlin/tools/festival/bin
PATH: /Volumes/Storage/.workspace/merlin/tools/speech_tools/bin
PATH: /usr/local/opt/gawk/libexec/gnubin
PATH: /usr/local/opt/gnu-sed/libexec/gnubin
PATH: /usr/local/opt/gawk/libexec/gnubin
PATH: /usr/local/opt/gnu-sed/libexec/gnubin
PATH: /Users/labguest/miniconda3/envs/merlin/bin
PATH: /Users/labguest/miniconda3/condabin
PATH: /usr/local/bin
PATH: /usr/local/sbin
PATH: /Library/Frameworks/Python.framework/Versions/3.10/bin
PATH: /usr/local/opt/gnu-sed/libexec/gnubin
PATH: /usr/local/bin
PATH: /usr/bin
PATH: /bin
PATH: /usr/sbin
PATH: /sbin
PATH: /Library/Apple/usr/bin
PATH: /Users/labguest/.vscode-server/bin/74f6148eb9ea00507ec113ec51c489d6ffb4b771/bin/remote-cli
PATH: /usr/local/sbin
PATH: /Library/Frameworks/Python.framework/Versions/3.10/bin
PATH: /opt/gnu-sed/libexec/gnubin


## ----------- ##
## Core tests. ##
## ----------- ##

configure:1834: checking build system type
configure:1852: result: x86_64-apple-darwin21.6.0
configure:1874: checking host system type
configure:1889: result: x86_64-apple-darwin21.6.0
configure:1911: checking target system type
configure:1926: result: x86_64-apple-darwin21.6.0
configure:2002: checking for gcc
configure:2018: found /usr/bin/gcc
configure:2029: result: gcc
configure:2261: checking for C compiler version
configure:2269: gcc --version >&5
Apple clang version 14.0.0 (clang-1400.0.29.202)
Target: x86_64-apple-darwin21.6.0
Thread model: posix
InstalledDir: /Library/Developer/CommandLineTools/usr/bin
configure:2273: $? = 0
configure:2280: gcc -v >&5
Apple clang version 14.0.0 (clang-1400.0.29.202)
Target: x86_64-apple-darwin21.6.0
Thread model: posix
InstalledDir: /Library/Developer/CommandLineTools/usr/bin
configure:2284: $? = 0
configure:2291: gcc -V >&5
clang: error: argument to '-V' is missing (expected 1 value)
clang: error: no input files
configure:2295: $? = 1
configure:2318: checking for C compiler default output file name
configure:2340: gcc    conftest.c  >&5
configure:2344: $? = 0
configure:2382: result: a.out
configure:2401: checking whether the C compiler works
configure:2411: ./a.out
configure:2415: $? = 0
configure:2434: result: yes
configure:2441: checking whether we are cross compiling
configure:2443: result: no
configure:2446: checking for suffix of executables
configure:2453: gcc -o conftest    conftest.c  >&5
configure:2457: $? = 0
configure:2483: result: 
configure:2489: checking for suffix of object files
configure:2515: gcc -c   conftest.c >&5
configure:2519: $? = 0
configure:2544: result: o
configure:2548: checking whether we are using the GNU C compiler
configure:2577: gcc -c   conftest.c >&5
configure:2584: $? = 0
configure:2601: result: yes
configure:2610: checking whether gcc accepts -g
configure:2640: gcc -c -g  conftest.c >&5
configure:2647: $? = 0
configure:2748: result: yes
configure:2765: checking for gcc option to accept ISO C89
configure:2839: gcc  -c -g -O2  conftest.c >&5
configure:2846: $? = 0
configure:2869: result: none needed
configure:2930: checking for ranlib
configure:2946: found /usr/bin/ranlib
configure:2957: result: ranlib
configure:2993: checking for a BSD-compatible install
configure:3061: result: /usr/local/bin/ginstall -c
configure:3115: checking for ar
configure:3131: found /usr/bin/ar
configure:3142: result: ar
configure:3170: checking how to run the C preprocessor
configure:3210: gcc -E  conftest.c
configure:3217: $? = 0
configure:3248: gcc -E  conftest.c
conftest.c:8:10: fatal error: 'ac_nonexistent.h' file not found
#include <ac_nonexistent.h>
         ^~~~~~~~~~~~~~~~~~
1 error generated.
configure:3255: $? = 1
configure: failed program was:
| /* confdefs.h.  */
| #define PACKAGE_NAME ""
| #define PACKAGE_TARNAME ""
| #define PACKAGE_VERSION ""
| #define PACKAGE_STRING ""
| #define PACKAGE_BUGREPORT ""
| /* end confdefs.h.  */
| #include <ac_nonexistent.h>
configure:3288: result: gcc -E
configure:3317: gcc -E  conftest.c
configure:3324: $? = 0
configure:3355: gcc -E  conftest.c
conftest.c:8:10: fatal error: 'ac_nonexistent.h' file not found
#include <ac_nonexistent.h>
         ^~~~~~~~~~~~~~~~~~
1 error generated.
configure:3362: $? = 1
configure: failed program was:
| /* confdefs.h.  */
| #define PACKAGE_NAME ""
| #define PACKAGE_TARNAME ""
| #define PACKAGE_VERSION ""
| #define PACKAGE_STRING ""
| #define PACKAGE_BUGREPORT ""
| /* end confdefs.h.  */
| #include <ac_nonexistent.h>
configure:3402: checking for grep that handles long lines and -e
configure:3462: result: /usr/bin/grep
configure:3467: checking for egrep
configure:3531: result: /usr/bin/grep -E
configure:3536: checking for ANSI C header files
configure:3566: gcc -c -g -O2  conftest.c >&5
configure:3573: $? = 0
configure:3672: gcc -o conftest -g -O2   conftest.c  >&5
configure:3676: $? = 0
configure:3682: ./conftest
configure:3686: $? = 0
configure:3704: result: yes
configure:3728: checking for sys/types.h
configure:3749: gcc -c -g -O2  conftest.c >&5
configure:3756: $? = 0
configure:3773: result: yes
configure:3728: checking for sys/stat.h
configure:3749: gcc -c -g -O2  conftest.c >&5
configure:3756: $? = 0
configure:3773: result: yes
configure:3728: checking for stdlib.h
configure:3749: gcc -c -g -O2  conftest.c >&5
configure:3756: $? = 0
configure:3773: result: yes
configure:3728: checking for string.h
configure:3749: gcc -c -g -O2  conftest.c >&5
configure:3756: $? = 0
configure:3773: result: yes
configure:3728: checking for memory.h
configure:3749: gcc -c -g -O2  conftest.c >&5
configure:3756: $? = 0
configure:3773: result: yes
configure:3728: checking for strings.h
configure:3749: gcc -c -g -O2  conftest.c >&5
configure:3756: $? = 0
configure:3773: result: yes
configure:3728: checking for inttypes.h
configure:3749: gcc -c -g -O2  conftest.c >&5
configure:3756: $? = 0
configure:3773: result: yes
configure:3728: checking for stdint.h
configure:3749: gcc -c -g -O2  conftest.c >&5
configure:3756: $? = 0
configure:3773: result: yes
configure:3728: checking for unistd.h
configure:3749: gcc -c -g -O2  conftest.c >&5
configure:3756: $? = 0
configure:3773: result: yes
configure:3788: checking whether byte ordering is bigendian
configure:3813: gcc -c -g -O2  conftest.c >&5
configure:3820: $? = 0
configure:3870: gcc -c -g -O2  conftest.c >&5
configure:3877: $? = 0
configure:3909: gcc -c -g -O2  conftest.c >&5
conftest.c:25:4: error: use of undeclared identifier 'not'
                 not big endian
                 ^
1 error generated.
configure:3916: $? = 1
configure: failed program was:
| /* confdefs.h.  */
| #define PACKAGE_NAME ""
| #define PACKAGE_TARNAME ""
| #define PACKAGE_VERSION ""
| #define PACKAGE_STRING ""
| #define PACKAGE_BUGREPORT ""
| #define STDC_HEADERS 1
| #define HAVE_SYS_TYPES_H 1
| #define HAVE_SYS_STAT_H 1
| #define HAVE_STDLIB_H 1
| #define HAVE_STRING_H 1
| #define HAVE_MEMORY_H 1
| #define HAVE_STRINGS_H 1
| #define HAVE_INTTYPES_H 1
| #define HAVE_STDINT_H 1
| #define HAVE_UNISTD_H 1
| /* end confdefs.h.  */
| #include <sys/types.h>
| 		#include <sys/param.h>
| 
| int
| main ()
| {
| #if BYTE_ORDER != BIG_ENDIAN
| 		 not big endian
| 		#endif
| 
|   ;
|   return 0;
| }
configure:4168: result: no
configure:4299: checking for library containing pthread_create
configure:4340: gcc -o conftest -g -O2 -Wall   conftest.c  >&5
configure:4347: $? = 0
configure:4378: result: none required
configure:4398: checking pthread.h usability
configure:4415: gcc -c -g -O2 -Wall  conftest.c >&5
configure:4422: $? = 0
configure:4436: result: yes
configure:4440: checking pthread.h presence
configure:4455: gcc -E  conftest.c
configure:4462: $? = 0
configure:4476: result: yes
configure:4504: checking for pthread.h
configure:4511: result: yes
configure:4684: creating ./config.status

## ---------------------- ##
## Running config.status. ##
## ---------------------- ##

This file was extended by config.status, which was
generated by GNU Autoconf 2.63.  Invocation command line was

  CONFIG_FILES    = 
  CONFIG_HEADERS  = 
  CONFIG_LINKS    = 
  CONFIG_COMMANDS = 
  $ ./config.status 

on Labguests-iMac-2.local

config.status:666: creating config/config

## ---------------- ##
## Cache variables. ##
## ---------------- ##

ac_cv_build=x86_64-apple-darwin21.6.0
ac_cv_c_bigendian=no
ac_cv_c_compiler_gnu=yes
ac_cv_env_CC_set=
ac_cv_env_CC_value=
ac_cv_env_CFLAGS_set=
ac_cv_env_CFLAGS_value=
ac_cv_env_CPPFLAGS_set=
ac_cv_env_CPPFLAGS_value=
ac_cv_env_CPP_set=
ac_cv_env_CPP_value=
ac_cv_env_LDFLAGS_set=
ac_cv_env_LDFLAGS_value=
ac_cv_env_LIBS_set=
ac_cv_env_LIBS_value=
ac_cv_env_build_alias_set=
ac_cv_env_build_alias_value=
ac_cv_env_host_alias_set=
ac_cv_env_host_alias_value=
ac_cv_env_target_alias_set=
ac_cv_env_target_alias_value=
ac_cv_header_inttypes_h=yes
ac_cv_header_memory_h=yes
ac_cv_header_pthread_h=yes
ac_cv_header_stdc=yes
ac_cv_header_stdint_h=yes
ac_cv_header_stdlib_h=yes
ac_cv_header_string_h=yes
ac_cv_header_strings_h=yes
ac_cv_header_sys_stat_h=yes
ac_cv_header_sys_types_h=yes
ac_cv_header_unistd_h=yes
ac_cv_host=x86_64-apple-darwin21.6.0
ac_cv_objext=o
ac_cv_path_EGREP='/usr/bin/grep -E'
ac_cv_path_GREP=/usr/bin/grep
ac_cv_path_install='/usr/local/bin/ginstall -c'
ac_cv_prog_CPP='gcc -E'
ac_cv_prog_ac_ct_AR=ar
ac_cv_prog_ac_ct_CC=gcc
ac_cv_prog_ac_ct_RANLIB=ranlib
ac_cv_prog_cc_c89=
ac_cv_prog_cc_g=yes
ac_cv_search_pthread_create='none required'
ac_cv_target=x86_64-apple-darwin21.6.0

## ----------------- ##
## Output variables. ##
## ----------------- ##

AR='ar'
CC='gcc'
CFLAGS='-g -O2 -Wall'
CPP='gcc -E'
CPPFLAGS=''
DEFS='-DPACKAGE_NAME=\"\" -DPACKAGE_TARNAME=\"\" -DPACKAGE_VERSION=\"\" -DPACKAGE_STRING=\"\" -DPACKAGE_BUGREPORT=\"\" -DSTDC_HEADERS=1 -DHAVE_SYS_TYPES_H=1 -DHAVE_SYS_STAT_H=1 -DHAVE_STDLIB_H=1 -DHAVE_STRING_H=1 -DHAVE_MEMORY_H=1 -DHAVE_STRINGS_H=1 -DHAVE_INTTYPES_H=1 -DHAVE_STDINT_H=1 -DHAVE_UNISTD_H=1'
ECHO_C='\c'
ECHO_N=''
ECHO_T=''
EGREP='/usr/bin/grep -E'
ESTDIR='/Volumes/Storage/.workspace/merlin/tools/speech_tools'
EXEEXT=''
GREP='/usr/bin/grep'
INSTALL_DATA='${INSTALL} -m 644'
INSTALL_PROGRAM='${INSTALL}'
INSTALL_SCRIPT='${INSTALL}'
LDFLAGS=''
LIBOBJS=''
LIBS=''
LTLIBOBJS=''
NOPTHREADFLAGS=''
OBJEXT='o'
PACKAGE_BUGREPORT=''
PACKAGE_NAME=''
PACKAGE_STRING=''
PACKAGE_TARNAME=''
PACKAGE_VERSION=''
PATH_SEPARATOR=':'
RANLIB='ranlib'
SHELL='/bin/sh'
SHFLAGS=''
ac_ct_CC='gcc'
bindir='${exec_prefix}/bin'
build='x86_64-apple-darwin21.6.0'
build_alias=''
build_cpu='x86_64'
build_os='darwin21.6.0'
build_vendor='apple'
datadir='${datarootdir}'
datarootdir='${prefix}/share'
docdir='${datarootdir}/doc/${PACKAGE}'
dvidir='${docdir}'
exec_prefix='${prefix}'
host='x86_64-apple-darwin21.6.0'
host_alias=''
host_cpu='x86_64'
host_os='darwin21.6.0'
host_vendor='apple'
htmldir='${docdir}'
includedir='${prefix}/include'
infodir='${datarootdir}/info'
libdir='${exec_prefix}/lib'
libexecdir='${exec_prefix}/libexec'
localedir='${datarootdir}/locale'
localstatedir='${prefix}/var'
mandir='${datarootdir}/man'
oldincludedir='/usr/include'
pdfdir='${docdir}'
prefix='/usr/local'
program_transform_name='s,x,x,'
psdir='${docdir}'
sbindir='${exec_prefix}/sbin'
sharedstatedir='${prefix}/com'
sysconfdir='${prefix}/etc'
target='x86_64-apple-darwin21.6.0'
target_alias=''
target_cpu='x86_64'
target_os='darwin21.6.0'
target_vendor='apple'

## ----------- ##
## confdefs.h. ##
## ----------- ##

#define PACKAGE_NAME ""
#define PACKAGE_TARNAME ""
#define PACKAGE_VERSION ""
#define PACKAGE_STRING ""
#define PACKAGE_BUGREPORT ""
#define STDC_HEADERS 1
#define HAVE_SYS_TYPES_H 1
#define HAVE_SYS_STAT_H 1
#define HAVE_STDLIB_H 1
#define HAVE_STRING_H 1
#define HAVE_MEMORY_H 1
#define HAVE_STRINGS_H 1
#define HAVE_INTTYPES_H 1
#define HAVE_STDINT_H 1
#define HAVE_UNISTD_H 1

configure: exit 0
