This file contains any messages produced by compilers while
running configure, to aid debugging if configure makes a mistake.

It was created by SPTK configure 3.9, which was
generated by GNU Autoconf 2.69.  Invocation command line was

  $ ./configure --prefix=/Volumes/Storage/.workspace/merlin/tools/SPTK-3.9/build

## --------- ##
## Platform. ##
## --------- ##

hostname = Labguests-iMac-2.local
uname -m = x86_64
uname -r = 21.6.0
uname -s = Darwin
uname -v = Darwin Kernel Version 21.6.0: Sat Jun 18 17:07:25 PDT 2022; root:xnu-8020.140.41~1/RELEASE_X86_64

/usr/bin/uname -p = i386
/bin/uname -X     = unknown

/bin/arch              = unknown
/usr/bin/arch -k       = unknown
/usr/convex/getsysinfo = unknown
/usr/bin/hostinfo      = Mach kernel version:
	 Darwin Kernel Version 21.6.0: Sat Jun 18 17:07:25 PDT 2022; root:xnu-8020.140.41~1/RELEASE_X86_64
Kernel configured for up to 16 processors.
8 processors are physically available.
16 processors are logically available.
Processor type: x86_64h (Intel x86-64h Haswell)
Processors active: 0 1 2 3 4 5 6 7 8 9 10 11 12 13 14 15
Primary memory available: 64.00 gigabytes
Default processor set: 533 tasks, 2105 threads, 16 processors
Load average: 2.39, Mach factor: 13.60
/bin/machine           = unknown
/usr/bin/oslevel       = unknown
/bin/universe          = unknown

PATH: /usr/local/opt/gawk/libexec/gnubin
PATH: /usr/local/opt/gnu-sed/libexec/gnubin
PATH: /usr/local/opt/gawk/libexec/gnubin
PATH: /usr/local/opt/gnu-sed/libexec/gnubin
PATH: /Users/labguest/miniconda3/envs/merlin/bin
PATH: /Users/labguest/miniconda3/condabin
PATH: /usr/local/bin
PATH: /usr/local/sbin
PATH: /Library/Frameworks/Python.framework/Versions/3.10/bin
PATH: /usr/local/opt/gnu-sed/libexec/gnubin
PATH: /usr/local/bin
PATH: /usr/bin
PATH: /bin
PATH: /usr/sbin
PATH: /sbin
PATH: /Library/Apple/usr/bin
PATH: /Users/labguest/.vscode-server/bin/74f6148eb9ea00507ec113ec51c489d6ffb4b771/bin/remote-cli
PATH: /usr/local/sbin
PATH: /Library/Frameworks/Python.framework/Versions/3.10/bin
PATH: /opt/gnu-sed/libexec/gnubin


## ----------- ##
## Core tests. ##
## ----------- ##

configure:2295: checking for a BSD-compatible install
configure:2363: result: /usr/local/bin/ginstall -c
configure:2374: checking whether build environment is sane
configure:2429: result: yes
configure:2580: checking for a thread-safe mkdir -p
configure:2619: result: /usr/local/bin/gmkdir -p
configure:2626: checking for gawk
configure:2642: found /usr/local/bin/gawk
configure:2653: result: gawk
configure:2664: checking whether make sets $(MAKE)
configure:2686: result: yes
configure:2715: checking whether make supports nested variables
configure:2732: result: yes
configure:2910: checking for gcc
configure:2926: found /usr/bin/gcc
configure:2937: result: gcc
configure:3166: checking for C compiler version
configure:3175: gcc --version >&5
Apple clang version 14.0.0 (clang-1400.0.29.202)
Target: x86_64-apple-darwin21.6.0
Thread model: posix
InstalledDir: /Library/Developer/CommandLineTools/usr/bin
configure:3186: $? = 0
configure:3175: gcc -v >&5
Apple clang version 14.0.0 (clang-1400.0.29.202)
Target: x86_64-apple-darwin21.6.0
Thread model: posix
InstalledDir: /Library/Developer/CommandLineTools/usr/bin
configure:3186: $? = 0
configure:3175: gcc -V >&5
clang: error: argument to '-V' is missing (expected 1 value)
clang: error: no input files
configure:3186: $? = 1
configure:3175: gcc -qversion >&5
clang: error: unknown argument '-qversion'; did you mean '--version'?
clang: error: no input files
configure:3186: $? = 1
configure:3206: checking whether the C compiler works
configure:3228: gcc    conftest.c  >&5
configure:3232: $? = 0
configure:3280: result: yes
configure:3283: checking for C compiler default output file name
configure:3285: result: a.out
configure:3291: checking for suffix of executables
configure:3298: gcc -o conftest    conftest.c  >&5
configure:3302: $? = 0
configure:3324: result: 
configure:3346: checking whether we are cross compiling
configure:3354: gcc -o conftest    conftest.c  >&5
configure:3358: $? = 0
configure:3365: ./conftest
configure:3369: $? = 0
configure:3384: result: no
configure:3389: checking for suffix of object files
configure:3411: gcc -c   conftest.c >&5
configure:3415: $? = 0
configure:3436: result: o
configure:3440: checking whether we are using the GNU C compiler
configure:3459: gcc -c   conftest.c >&5
configure:3459: $? = 0
configure:3468: result: yes
configure:3477: checking whether gcc accepts -g
configure:3497: gcc -c -g  conftest.c >&5
configure:3497: $? = 0
configure:3538: result: yes
configure:3555: checking for gcc option to accept ISO C89
configure:3618: gcc  -c -g -O2  conftest.c >&5
configure:3618: $? = 0
configure:3631: result: none needed
configure:3656: checking whether gcc understands -c and -o together
configure:3678: gcc -c conftest.c -o conftest2.o
configure:3681: $? = 0
configure:3678: gcc -c conftest.c -o conftest2.o
configure:3681: $? = 0
configure:3693: result: yes
configure:3721: checking for style of include used by make
configure:3749: result: GNU
configure:3775: checking dependency style of gcc
configure:3886: result: gcc3
configure:3903: checking whether ln -s works
configure:3907: result: yes
configure:3957: checking for ranlib
configure:3973: found /usr/bin/ranlib
configure:3984: result: ranlib
configure:4052: checking for ar
configure:4068: found /usr/bin/ar
configure:4079: result: ar
configure:4103: checking for csh
configure:4121: found /bin/csh
configure:4134: result: /bin/csh
configure:4148: checking for log in -lm
configure:4173: gcc -o conftest -g -O2   conftest.c -lm   >&5
conftest.c:18:6: warning: incompatible redeclaration of library function 'log' [-Wincompatible-library-redeclaration]
char log ();
     ^
conftest.c:18:6: note: 'log' is a builtin with type 'double (double)'
1 warning generated.
configure:4173: $? = 0
configure:4182: result: yes
configure:4202: checking how to run the C preprocessor
configure:4233: gcc -E  conftest.c
configure:4233: $? = 0
configure:4247: gcc -E  conftest.c
conftest.c:12:10: fatal error: 'ac_nonexistent.h' file not found
#include <ac_nonexistent.h>
         ^~~~~~~~~~~~~~~~~~
1 error generated.
configure:4247: $? = 1
configure: failed program was:
| /* confdefs.h */
| #define PACKAGE_NAME "SPTK"
| #define PACKAGE_TARNAME "SPTK"
| #define PACKAGE_VERSION "3.9"
| #define PACKAGE_STRING "SPTK 3.9"
| #define PACKAGE_BUGREPORT "http://sourceforge.net/projects/sp-tk/"
| #define PACKAGE_URL ""
| #define PACKAGE "SPTK"
| #define VERSION "3.9"
| #define HAVE_LIBM 1
| /* end confdefs.h.  */
| #include <ac_nonexistent.h>
configure:4272: result: gcc -E
configure:4292: gcc -E  conftest.c
configure:4292: $? = 0
configure:4306: gcc -E  conftest.c
conftest.c:12:10: fatal error: 'ac_nonexistent.h' file not found
#include <ac_nonexistent.h>
         ^~~~~~~~~~~~~~~~~~
1 error generated.
configure:4306: $? = 1
configure: failed program was:
| /* confdefs.h */
| #define PACKAGE_NAME "SPTK"
| #define PACKAGE_TARNAME "SPTK"
| #define PACKAGE_VERSION "3.9"
| #define PACKAGE_STRING "SPTK 3.9"
| #define PACKAGE_BUGREPORT "http://sourceforge.net/projects/sp-tk/"
| #define PACKAGE_URL ""
| #define PACKAGE "SPTK"
| #define VERSION "3.9"
| #define HAVE_LIBM 1
| /* end confdefs.h.  */
| #include <ac_nonexistent.h>
configure:4335: checking for X
configure:4443: gcc -E  conftest.c
conftest.c:12:10: fatal error: 'X11/Xlib.h' file not found
#include <X11/Xlib.h>
         ^~~~~~~~~~~~
1 error generated.
configure:4443: $? = 1
configure: failed program was:
| /* confdefs.h */
| #define PACKAGE_NAME "SPTK"
| #define PACKAGE_TARNAME "SPTK"
| #define PACKAGE_VERSION "3.9"
| #define PACKAGE_STRING "SPTK 3.9"
| #define PACKAGE_BUGREPORT "http://sourceforge.net/projects/sp-tk/"
| #define PACKAGE_URL ""
| #define PACKAGE "SPTK"
| #define VERSION "3.9"
| #define HAVE_LIBM 1
| /* end confdefs.h.  */
| #include <X11/Xlib.h>
configure:4474: gcc -o conftest -g -O2   conftest.c -lX11 -lm  >&5
conftest.c:12:10: fatal error: 'X11/Xlib.h' file not found
#include <X11/Xlib.h>
         ^~~~~~~~~~~~
1 error generated.
configure:4474: $? = 1
configure: failed program was:
| /* confdefs.h */
| #define PACKAGE_NAME "SPTK"
| #define PACKAGE_TARNAME "SPTK"
| #define PACKAGE_VERSION "3.9"
| #define PACKAGE_STRING "SPTK 3.9"
| #define PACKAGE_BUGREPORT "http://sourceforge.net/projects/sp-tk/"
| #define PACKAGE_URL ""
| #define PACKAGE "SPTK"
| #define VERSION "3.9"
| #define HAVE_LIBM 1
| /* end confdefs.h.  */
| #include <X11/Xlib.h>
| int
| main ()
| {
| XrmInitialize ()
|   ;
|   return 0;
| }
configure:4513: result: no
configure:5040: checking for grep that handles long lines and -e
configure:5098: result: /usr/bin/grep
configure:5103: checking for egrep
configure:5165: result: /usr/bin/grep -E
configure:5170: checking for ANSI C header files
configure:5190: gcc -c -g -O2  conftest.c >&5
configure:5190: $? = 0
configure:5263: gcc -o conftest -g -O2   conftest.c -lm  >&5
configure:5263: $? = 0
configure:5263: ./conftest
configure:5263: $? = 0
configure:5274: result: yes
configure:5287: checking for sys/types.h
configure:5287: gcc -c -g -O2  conftest.c >&5
configure:5287: $? = 0
configure:5287: result: yes
configure:5287: checking for sys/stat.h
configure:5287: gcc -c -g -O2  conftest.c >&5
configure:5287: $? = 0
configure:5287: result: yes
configure:5287: checking for stdlib.h
configure:5287: gcc -c -g -O2  conftest.c >&5
configure:5287: $? = 0
configure:5287: result: yes
configure:5287: checking for string.h
configure:5287: gcc -c -g -O2  conftest.c >&5
configure:5287: $? = 0
configure:5287: result: yes
configure:5287: checking for memory.h
configure:5287: gcc -c -g -O2  conftest.c >&5
configure:5287: $? = 0
configure:5287: result: yes
configure:5287: checking for strings.h
configure:5287: gcc -c -g -O2  conftest.c >&5
configure:5287: $? = 0
configure:5287: result: yes
configure:5287: checking for inttypes.h
configure:5287: gcc -c -g -O2  conftest.c >&5
configure:5287: $? = 0
configure:5287: result: yes
configure:5287: checking for stdint.h
configure:5287: gcc -c -g -O2  conftest.c >&5
configure:5287: $? = 0
configure:5287: result: yes
configure:5287: checking for unistd.h
configure:5287: gcc -c -g -O2  conftest.c >&5
configure:5287: $? = 0
configure:5287: result: yes
configure:5302: checking fcntl.h usability
configure:5302: gcc -c -g -O2  conftest.c >&5
configure:5302: $? = 0
configure:5302: result: yes
configure:5302: checking fcntl.h presence
configure:5302: gcc -E  conftest.c
configure:5302: $? = 0
configure:5302: result: yes
configure:5302: checking for fcntl.h
configure:5302: result: yes
configure:5302: checking limits.h usability
configure:5302: gcc -c -g -O2  conftest.c >&5
configure:5302: $? = 0
configure:5302: result: yes
configure:5302: checking limits.h presence
configure:5302: gcc -E  conftest.c
configure:5302: $? = 0
configure:5302: result: yes
configure:5302: checking for limits.h
configure:5302: result: yes
configure:5302: checking for stdlib.h
configure:5302: result: yes
configure:5302: checking for string.h
configure:5302: result: yes
configure:5302: checking for strings.h
configure:5302: result: yes
configure:5302: checking sys/ioctl.h usability
configure:5302: gcc -c -g -O2  conftest.c >&5
configure:5302: $? = 0
configure:5302: result: yes
configure:5302: checking sys/ioctl.h presence
configure:5302: gcc -E  conftest.c
configure:5302: $? = 0
configure:5302: result: yes
configure:5302: checking for sys/ioctl.h
configure:5302: result: yes
configure:5315: checking for an ANSI C-conforming const
configure:5381: gcc -c -g -O2  conftest.c >&5
configure:5381: $? = 0
configure:5388: result: yes
configure:5396: checking for size_t
configure:5396: gcc -c -g -O2  conftest.c >&5
configure:5396: $? = 0
configure:5396: gcc -c -g -O2  conftest.c >&5
conftest.c:65:21: error: expected expression
if (sizeof ((size_t)))
                    ^
1 error generated.
configure:5396: $? = 1
configure: failed program was:
| /* confdefs.h */
| #define PACKAGE_NAME "SPTK"
| #define PACKAGE_TARNAME "SPTK"
| #define PACKAGE_VERSION "3.9"
| #define PACKAGE_STRING "SPTK 3.9"
| #define PACKAGE_BUGREPORT "http://sourceforge.net/projects/sp-tk/"
| #define PACKAGE_URL ""
| #define PACKAGE "SPTK"
| #define VERSION "3.9"
| #define HAVE_LIBM 1
| #define X_DISPLAY_MISSING 1
| #define STDC_HEADERS 1
| #define HAVE_SYS_TYPES_H 1
| #define HAVE_SYS_STAT_H 1
| #define HAVE_STDLIB_H 1
| #define HAVE_STRING_H 1
| #define HAVE_MEMORY_H 1
| #define HAVE_STRINGS_H 1
| #define HAVE_INTTYPES_H 1
| #define HAVE_STDINT_H 1
| #define HAVE_UNISTD_H 1
| #define HAVE_FCNTL_H 1
| #define HAVE_LIMITS_H 1
| #define HAVE_STDLIB_H 1
| #define HAVE_STRING_H 1
| #define HAVE_STRINGS_H 1
| #define HAVE_SYS_IOCTL_H 1
| /* end confdefs.h.  */
| #include <stdio.h>
| #ifdef HAVE_SYS_TYPES_H
| # include <sys/types.h>
| #endif
| #ifdef HAVE_SYS_STAT_H
| # include <sys/stat.h>
| #endif
| #ifdef STDC_HEADERS
| # include <stdlib.h>
| # include <stddef.h>
| #else
| # ifdef HAVE_STDLIB_H
| #  include <stdlib.h>
| # endif
| #endif
| #ifdef HAVE_STRING_H
| # if !defined STDC_HEADERS && defined HAVE_MEMORY_H
| #  include <memory.h>
| # endif
| # include <string.h>
| #endif
| #ifdef HAVE_STRINGS_H
| # include <strings.h>
| #endif
| #ifdef HAVE_INTTYPES_H
| # include <inttypes.h>
| #endif
| #ifdef HAVE_STDINT_H
| # include <stdint.h>
| #endif
| #ifdef HAVE_UNISTD_H
| # include <unistd.h>
| #endif
| int
| main ()
| {
| if (sizeof ((size_t)))
| 	    return 0;
|   ;
|   return 0;
| }
configure:5396: result: yes
configure:5413: checking build system type
configure:5427: result: x86_64-apple-darwin21.6.0
configure:5447: checking host system type
configure:5460: result: x86_64-apple-darwin21.6.0
configure:5483: checking whether gcc needs -traditional
conftest.c:29:10: fatal error: 'termio.h' file not found
#include <termio.h>
         ^~~~~~~~~~
1 error generated.
configure:5517: result: no
configure:5526: checking for stdlib.h
configure:5526: result: yes
configure:5536: checking for GNU libc compatible malloc
configure:5560: gcc -o conftest -g -O2   conftest.c -lm  >&5
configure:5560: $? = 0
configure:5560: ./conftest
configure:5560: $? = 0
configure:5570: result: yes
configure:5591: checking for working strtod
configure:5632: gcc -o conftest -g -O2   conftest.c -lm  >&5
configure:5632: $? = 0
configure:5632: ./conftest
configure:5632: $? = 0
configure:5642: result: yes
configure:5704: checking for pow
configure:5704: gcc -o conftest -g -O2   conftest.c -lm  >&5
conftest.c:54:6: warning: incompatible redeclaration of library function 'pow' [-Wincompatible-library-redeclaration]
char pow ();
     ^
conftest.c:54:6: note: 'pow' is a builtin with type 'double (double, double)'
1 warning generated.
configure:5704: $? = 0
configure:5704: result: yes
configure:5711: checking for sqrt
configure:5711: gcc -o conftest -g -O2   conftest.c -lm  >&5
conftest.c:54:6: warning: incompatible redeclaration of library function 'sqrt' [-Wincompatible-library-redeclaration]
char sqrt ();
     ^
conftest.c:54:6: note: 'sqrt' is a builtin with type 'double (double)'
1 warning generated.
configure:5711: $? = 0
configure:5711: result: yes
configure:5724: checking for bzero
configure:5724: gcc -o conftest -g -O2   conftest.c -lm  >&5
conftest.c:54:6: warning: incompatible redeclaration of library function 'bzero' [-Wincompatible-library-redeclaration]
char bzero ();
     ^
conftest.c:54:6: note: 'bzero' is a builtin with type 'void (void *, unsigned long)'
1 warning generated.
configure:5724: $? = 0
configure:5724: result: yes
configure:5724: checking for memset
configure:5724: gcc -o conftest -g -O2   conftest.c -lm  >&5
conftest.c:55:6: warning: incompatible redeclaration of library function 'memset' [-Wincompatible-library-redeclaration]
char memset ();
     ^
conftest.c:55:6: note: 'memset' is a builtin with type 'void *(void *, int, unsigned long)'
1 warning generated.
configure:5724: $? = 0
configure:5724: result: yes
configure:5736: checking for strrchr
configure:5736: gcc -o conftest -g -O2   conftest.c -lm  >&5
conftest.c:56:6: warning: incompatible redeclaration of library function 'strrchr' [-Wincompatible-library-redeclaration]
char strrchr ();
     ^
conftest.c:56:6: note: 'strrchr' is a builtin with type 'char *(const char *, int)'
1 warning generated.
configure:5736: $? = 0
configure:5736: result: yes
configure:5736: checking for rindex
configure:5736: gcc -o conftest -g -O2   conftest.c -lm  >&5
conftest.c:57:6: warning: incompatible redeclaration of library function 'rindex' [-Wincompatible-library-redeclaration]
char rindex ();
     ^
conftest.c:57:6: note: 'rindex' is a builtin with type 'char *(const char *, int)'
1 warning generated.
configure:5736: $? = 0
configure:5736: result: yes
configure:5791: checking audio device
configure:5942: WARNING: not found
configure:6121: checking that generated files are newer than configure
configure:6127: result: done
configure:6186: creating ./config.status

## ---------------------- ##
## Running config.status. ##
## ---------------------- ##

This file was extended by SPTK config.status 3.9, which was
generated by GNU Autoconf 2.69.  Invocation command line was

  CONFIG_FILES    = 
  CONFIG_HEADERS  = 
  CONFIG_LINKS    = 
  CONFIG_COMMANDS = 
  $ ./config.status 

on Labguests-iMac-2.local

config.status:926: creating Makefile
config.status:926: creating bin/Makefile
config.status:926: creating bin/acep/Makefile
config.status:926: creating bin/acorr/Makefile
config.status:926: creating bin/agcep/Makefile
config.status:926: creating bin/amcep/Makefile
config.status:926: creating bin/average/Makefile
config.status:926: creating bin/b2mc/Makefile
config.status:926: creating bin/bcp/Makefile
config.status:926: creating bin/bcut/Makefile
config.status:926: creating bin/c2acr/Makefile
config.status:926: creating bin/c2ir/Makefile
config.status:926: creating bin/c2ndps/Makefile
config.status:926: creating bin/c2sp/Makefile
config.status:926: creating bin/cat2/Makefile
config.status:926: creating bin/cdist/Makefile
config.status:926: creating bin/clip/Makefile
config.status:926: creating bin/da/Makefile
config.status:926: creating bin/dct/Makefile
config.status:926: creating bin/decimate/Makefile
config.status:926: creating bin/delay/Makefile
config.status:926: creating bin/delta/Makefile
config.status:926: creating bin/df2/Makefile
config.status:926: creating bin/dfs/Makefile
config.status:926: creating bin/dmp/Makefile
config.status:926: creating bin/ds/Makefile
config.status:926: creating bin/dtw/Makefile
config.status:926: creating bin/echo2/Makefile
config.status:926: creating bin/excite/Makefile
config.status:926: creating bin/extract/Makefile
config.status:926: creating bin/fd/Makefile
config.status:926: creating bin/fft/Makefile
config.status:926: creating bin/fft2/Makefile
config.status:926: creating bin/fftcep/Makefile
config.status:926: creating bin/fftr/Makefile
config.status:926: creating bin/fftr2/Makefile
config.status:926: creating bin/fig+fdrw/Makefile
config.status:926: creating bin/frame/Makefile
config.status:926: creating bin/freqt/Makefile
config.status:926: creating bin/gc2gc/Makefile
config.status:926: creating bin/gcep/Makefile
config.status:926: creating bin/glsadf/Makefile
config.status:926: creating bin/gmm/Makefile
config.status:926: creating bin/gnorm/Makefile
config.status:926: creating bin/grpdelay/Makefile
config.status:926: creating bin/histogram/Makefile
config.status:926: creating bin/idct/Makefile
config.status:926: creating bin/ifft/Makefile
config.status:926: creating bin/ifftr/Makefile
config.status:926: creating bin/ifft2/Makefile
config.status:926: creating bin/ignorm/Makefile
config.status:926: creating bin/impulse/Makefile
config.status:926: creating bin/imsvq/Makefile
config.status:926: creating bin/interpolate/Makefile
config.status:926: creating bin/ivq/Makefile
config.status:926: creating bin/lbg/Makefile
config.status:926: creating bin/levdur/Makefile
config.status:926: creating bin/linear_intpl/Makefile
config.status:926: creating bin/lmadf/Makefile
config.status:926: creating bin/lpc/Makefile
config.status:926: creating bin/lpc2c/Makefile
config.status:926: creating bin/lpc2lsp/Makefile
config.status:926: creating bin/lpc2par/Makefile
config.status:926: creating bin/lsp2lpc/Makefile
config.status:926: creating bin/lsp2sp/Makefile
config.status:926: creating bin/lspcheck/Makefile
config.status:926: creating bin/lspdf/Makefile
config.status:926: creating bin/ltcdf/Makefile
config.status:926: creating bin/mc2b/Makefile
config.status:926: creating bin/mcep/Makefile
config.status:926: creating bin/merge/Makefile
config.status:926: creating bin/mfcc/Makefile
config.status:926: creating bin/mgc2mgc/Makefile
config.status:926: creating bin/mgc2sp/Makefile
config.status:926: creating bin/mgclsp2sp/Makefile
config.status:926: creating bin/mgcep/Makefile
config.status:926: creating bin/mglsadf/Makefile
config.status:926: creating bin/minmax/Makefile
config.status:926: creating bin/mlpg/Makefile
config.status:926: creating bin/mlsacheck/Makefile
config.status:926: creating bin/mlsadf/Makefile
config.status:926: creating bin/msvq/Makefile
config.status:926: creating bin/nan/Makefile
config.status:926: creating bin/ndps2c/Makefile
config.status:926: creating bin/norm0/Makefile
config.status:926: creating bin/nrand/Makefile
config.status:926: creating bin/par2lpc/Makefile
config.status:926: creating bin/pca/Makefile
config.status:926: creating bin/phase/Makefile
config.status:926: creating bin/pitch/Makefile
config.status:926: creating bin/poledf/Makefile
config.status:926: creating bin/psgr/Makefile
config.status:926: creating bin/ramp/Makefile
config.status:926: creating bin/rawtowav/Makefile
config.status:926: creating bin/reverse/Makefile
config.status:926: creating bin/rmse/Makefile
config.status:926: creating bin/root_pol/Makefile
config.status:926: creating bin/sin/Makefile
config.status:926: creating bin/smcep/Makefile
config.status:926: creating bin/snr/Makefile
config.status:926: creating bin/sopr/Makefile
config.status:926: creating bin/spec/Makefile
config.status:926: creating bin/step/Makefile
config.status:926: creating bin/swab/Makefile
config.status:926: creating bin/symmetrize/Makefile
config.status:926: creating bin/train/Makefile
config.status:926: creating bin/transpose/Makefile
config.status:926: creating bin/uels/Makefile
config.status:926: creating bin/ulaw/Makefile
config.status:926: creating bin/us/Makefile
config.status:926: creating bin/vc/Makefile
config.status:926: creating bin/vopr/Makefile
config.status:926: creating bin/vq/Makefile
config.status:926: creating bin/vstat/Makefile
config.status:926: creating bin/vsum/Makefile
config.status:926: creating bin/wavjoin/Makefile
config.status:926: creating bin/wavsplit/Makefile
config.status:926: creating bin/window/Makefile
config.status:926: creating bin/x2x/Makefile
config.status:926: creating bin/xgr/Makefile
config.status:926: creating bin/zcross/Makefile
config.status:926: creating bin/zerodf/Makefile
config.status:926: creating include/Makefile
config.status:926: creating lib/Makefile
config.status:926: creating script/Makefile
config.status:1098: executing depfiles commands

## ---------------- ##
## Cache variables. ##
## ---------------- ##

ac_cv_build=x86_64-apple-darwin21.6.0
ac_cv_c_compiler_gnu=yes
ac_cv_c_const=yes
ac_cv_env_CC_set=
ac_cv_env_CC_value=
ac_cv_env_CFLAGS_set=
ac_cv_env_CFLAGS_value=
ac_cv_env_CPPFLAGS_set=
ac_cv_env_CPPFLAGS_value=
ac_cv_env_CPP_set=
ac_cv_env_CPP_value=
ac_cv_env_LDFLAGS_set=
ac_cv_env_LDFLAGS_value=
ac_cv_env_LIBS_set=
ac_cv_env_LIBS_value=
ac_cv_env_XMKMF_set=
ac_cv_env_XMKMF_value=
ac_cv_env_build_alias_set=
ac_cv_env_build_alias_value=
ac_cv_env_host_alias_set=
ac_cv_env_host_alias_value=
ac_cv_env_target_alias_set=
ac_cv_env_target_alias_value=
ac_cv_func_bzero=yes
ac_cv_func_malloc_0_nonnull=yes
ac_cv_func_memset=yes
ac_cv_func_pow=yes
ac_cv_func_rindex=yes
ac_cv_func_sqrt=yes
ac_cv_func_strrchr=yes
ac_cv_func_strtod=yes
ac_cv_have_x=have_x=no
ac_cv_header_fcntl_h=yes
ac_cv_header_inttypes_h=yes
ac_cv_header_limits_h=yes
ac_cv_header_memory_h=yes
ac_cv_header_stdc=yes
ac_cv_header_stdint_h=yes
ac_cv_header_stdlib_h=yes
ac_cv_header_string_h=yes
ac_cv_header_strings_h=yes
ac_cv_header_sys_ioctl_h=yes
ac_cv_header_sys_stat_h=yes
ac_cv_header_sys_types_h=yes
ac_cv_header_unistd_h=yes
ac_cv_host=x86_64-apple-darwin21.6.0
ac_cv_lib_m_log=yes
ac_cv_objext=o
ac_cv_path_CSH=/bin/csh
ac_cv_path_EGREP='/usr/bin/grep -E'
ac_cv_path_GREP=/usr/bin/grep
ac_cv_path_install='/usr/local/bin/ginstall -c'
ac_cv_path_mkdir=/usr/local/bin/gmkdir
ac_cv_prog_AWK=gawk
ac_cv_prog_CPP='gcc -E'
ac_cv_prog_ac_ct_AR=ar
ac_cv_prog_ac_ct_CC=gcc
ac_cv_prog_ac_ct_RANLIB=ranlib
ac_cv_prog_cc_c89=
ac_cv_prog_cc_g=yes
ac_cv_prog_gcc_traditional=no
ac_cv_prog_make_make_set=yes
ac_cv_type_size_t=yes
am_cv_CC_dependencies_compiler_type=gcc3
am_cv_make_support_nested_variables=yes
am_cv_prog_cc_c_o=yes

## ----------------- ##
## Output variables. ##
## ----------------- ##

ACLOCAL='${SHELL} /Volumes/Storage/.workspace/merlin/tools/SPTK-3.9/config/missing aclocal-1.15'
AMDEPBACKSLASH='\'
AMDEP_FALSE='#'
AMDEP_TRUE=''
AMTAR='$${TAR-tar}'
AM_BACKSLASH='\'
AM_DEFAULT_V='$(AM_DEFAULT_VERBOSITY)'
AM_DEFAULT_VERBOSITY='1'
AM_V='$(V)'
AR='ar'
AUTOCONF='${SHELL} /Volumes/Storage/.workspace/merlin/tools/SPTK-3.9/config/missing autoconf'
AUTOHEADER='${SHELL} /Volumes/Storage/.workspace/merlin/tools/SPTK-3.9/config/missing autoheader'
AUTOMAKE='${SHELL} /Volumes/Storage/.workspace/merlin/tools/SPTK-3.9/config/missing automake-1.15'
AWK='gawk'
CC='gcc'
CCDEPMODE='depmode=gcc3'
CFLAGS='-g -O2'
CPP='gcc -E'
CPPFLAGS=''
CSH='/bin/csh'
CYGPATH_W='echo'
DEFS='-DPACKAGE_NAME=\"SPTK\" -DPACKAGE_TARNAME=\"SPTK\" -DPACKAGE_VERSION=\"3.9\" -DPACKAGE_STRING=\"SPTK\ 3.9\" -DPACKAGE_BUGREPORT=\"http://sourceforge.net/projects/sp-tk/\" -DPACKAGE_URL=\"\" -DPACKAGE=\"SPTK\" -DVERSION=\"3.9\" -DHAVE_LIBM=1 -DX_DISPLAY_MISSING=1 -DSTDC_HEADERS=1 -DHAVE_SYS_TYPES_H=1 -DHAVE_SYS_STAT_H=1 -DHAVE_STDLIB_H=1 -DHAVE_STRING_H=1 -DHAVE_MEMORY_H=1 -DHAVE_STRINGS_H=1 -DHAVE_INTTYPES_H=1 -DHAVE_STDINT_H=1 -DHAVE_UNISTD_H=1 -DHAVE_FCNTL_H=1 -DHAVE_LIMITS_H=1 -DHAVE_STDLIB_H=1 -DHAVE_STRING_H=1 -DHAVE_STRINGS_H=1 -DHAVE_SYS_IOCTL_H=1 -DHAVE_STDLIB_H=1 -DHAVE_MALLOC=1 -DHAVE_BZERO=1 -DHAVE_MEMSET=1 -DHAVE_STRRCHR=1 -DHAVE_RINDEX=1 -DFORMAT=\"float\"'
DEPDIR='.deps'
ECHO_C='\c'
ECHO_N=''
ECHO_T=''
EGREP='/usr/bin/grep -E'
EXEEXT=''
GREP='/usr/bin/grep'
INSTALL_DATA='${INSTALL} -m 644'
INSTALL_PROGRAM='${INSTALL}'
INSTALL_SCRIPT='${INSTALL}'
INSTALL_STRIP_PROGRAM='$(install_sh) -c -s'
IO_FORMAT='float'
IO_SYMBOL='f'
LDFLAGS=''
LIBOBJS=''
LIBS='-lm '
LN_S='ln -s'
LTLIBOBJS=''
MAKEINFO='${SHELL} /Volumes/Storage/.workspace/merlin/tools/SPTK-3.9/config/missing makeinfo'
MKDIR_P='/usr/local/bin/gmkdir -p'
OBJEXT='o'
PACKAGE='SPTK'
PACKAGE_BUGREPORT='http://sourceforge.net/projects/sp-tk/'
PACKAGE_NAME='SPTK'
PACKAGE_STRING='SPTK 3.9'
PACKAGE_TARNAME='SPTK'
PACKAGE_URL=''
PACKAGE_VERSION='3.9'
PATH_SEPARATOR=':'
POW_LIB=''
RANLIB='ranlib'
SET_MAKE=''
SHELL='/bin/sh'
STRIP=''
USEDA_FALSE=''
USEDA_TRUE='#'
USEXGR_FALSE=''
USEXGR_TRUE='#'
VERSION='3.9'
XMKMF=''
X_CFLAGS=''
X_EXTRA_LIBS=''
X_LIBS=''
X_PRE_LIBS=''
ac_ct_CC='gcc'
am__EXEEXT_FALSE=''
am__EXEEXT_TRUE='#'
am__fastdepCC_FALSE='#'
am__fastdepCC_TRUE=''
am__include='include'
am__isrc=''
am__leading_dot='.'
am__nodep='_no'
am__quote=''
am__tar='$${TAR-tar} chof - "$$tardir"'
am__untar='$${TAR-tar} xf -'
bindir='${exec_prefix}/bin'
build='x86_64-apple-darwin21.6.0'
build_alias=''
build_cpu='x86_64'
build_os='darwin21.6.0'
build_vendor='apple'
datadir='${datarootdir}'
datarootdir='${prefix}/share'
docdir='${datarootdir}/doc/${PACKAGE_TARNAME}'
dvidir='${docdir}'
exec_prefix='${prefix}'
host='x86_64-apple-darwin21.6.0'
host_alias=''
host_cpu='x86_64'
host_os='darwin21.6.0'
host_vendor='apple'
htmldir='${docdir}'
includedir='${prefix}/include'
infodir='${datarootdir}/info'
install_sh='${SHELL} /Volumes/Storage/.workspace/merlin/tools/SPTK-3.9/config/install-sh'
libdir='${exec_prefix}/lib'
libexecdir='${exec_prefix}/libexec'
localedir='${datarootdir}/locale'
localstatedir='${prefix}/var'
mandir='${datarootdir}/man'
mkdir_p='$(MKDIR_P)'
oldincludedir='/usr/include'
pdfdir='${docdir}'
prefix='/Volumes/Storage/.workspace/merlin/tools/SPTK-3.9/build'
program_transform_name='s,x,x,'
psdir='${docdir}'
sbindir='${exec_prefix}/sbin'
sharedstatedir='${prefix}/com'
sysconfdir='${prefix}/etc'
target_alias=''

## ----------- ##
## confdefs.h. ##
## ----------- ##

/* confdefs.h */
#define PACKAGE_NAME "SPTK"
#define PACKAGE_TARNAME "SPTK"
#define PACKAGE_VERSION "3.9"
#define PACKAGE_STRING "SPTK 3.9"
#define PACKAGE_BUGREPORT "http://sourceforge.net/projects/sp-tk/"
#define PACKAGE_URL ""
#define PACKAGE "SPTK"
#define VERSION "3.9"
#define HAVE_LIBM 1
#define X_DISPLAY_MISSING 1
#define STDC_HEADERS 1
#define HAVE_SYS_TYPES_H 1
#define HAVE_SYS_STAT_H 1
#define HAVE_STDLIB_H 1
#define HAVE_STRING_H 1
#define HAVE_MEMORY_H 1
#define HAVE_STRINGS_H 1
#define HAVE_INTTYPES_H 1
#define HAVE_STDINT_H 1
#define HAVE_UNISTD_H 1
#define HAVE_FCNTL_H 1
#define HAVE_LIMITS_H 1
#define HAVE_STDLIB_H 1
#define HAVE_STRING_H 1
#define HAVE_STRINGS_H 1
#define HAVE_SYS_IOCTL_H 1
#define HAVE_STDLIB_H 1
#define HAVE_MALLOC 1
#define HAVE_BZERO 1
#define HAVE_MEMSET 1
#define HAVE_STRRCHR 1
#define HAVE_RINDEX 1
#define FORMAT "float"

configure: exit 0
